0 info it worked if it ends with ok
1 verbose cli [ '/Users/tanc/.nvm/versions/node/v7.2.1/bin/node',
1 verbose cli   '/Users/tanc/.nvm/versions/node/v7.2.1/bin/npm',
1 verbose cli   'start' ]
2 info using npm@3.10.10
3 info using node@v7.2.1
4 verbose run-script [ 'prestart', 'start', 'poststart' ]
5 info lifecycle lol@1.0.0~prestart: lol@1.0.0
6 silly lifecycle lol@1.0.0~prestart: no script for prestart, continuing
7 info lifecycle lol@1.0.0~start: lol@1.0.0
8 verbose lifecycle lol@1.0.0~start: unsafe-perm in lifecycle true
9 verbose lifecycle lol@1.0.0~start: PATH: /Users/tanc/.nvm/versions/node/v7.2.1/lib/node_modules/npm/bin/node-gyp-bin:/Users/tanc/projects/not-there/node_modules/.bin:/Users/tanc/.pyenv/shims:/usr/local/Cellar/pyenv-virtualenv/1.0.0/shims:/Users/tanc/.pyenv/shims:/Library/Java/JavaVirtualMachines/jdk1.8.0_20.jdk/Contents/Home/jre/bin:/Library/Java/JavaVirtualMachines/jdk1.8.0_20.jdk/Contents/Home/bin:/Users/tanc/.nvm/versions/node/v7.2.1/bin:/usr/local/heroku/bin:/Library/Frameworks/Python.framework/Versions/3.5/bin:/Library/Frameworks/Python.framework/Versions/2.7/bin:/usr/local/bin:/usr/bin:/bin:/usr/sbin:/sbin:/android/adt-bundle-mac-x86_64-20130522/sdk/tools:/android/adt-bundle-mac-x86_64-20130522/sdk/platform-tools:/Users/tanc/.rvm/bin:/usr/local/bin:/usr/local/sbin:/usr/bin:/bin:/usr/sbin:/sbin:/usr/local/git/bin:/Users/tanc/eb/python2.7/://depot_tools:/opt/local/bin:/android/adt-bundle-mac-x86_64-20140702/sdk/tools:/android/adt-bundle-mac-x86_64-20140702/sdk/tools/../platform-tools:/usr/local/sbin:/Users/tanc/go//bin:/Users/tanc/n64/bin:/Users/tanc/bin
10 verbose lifecycle lol@1.0.0~start: CWD: /Users/tanc/projects/not-there
11 silly lifecycle lol@1.0.0~start: Args: [ '-c', 'node server/index.js' ]
12 silly lifecycle lol@1.0.0~start: Returned: code: 1  signal: null
13 info lifecycle lol@1.0.0~start: Failed to exec start script
14 verbose stack Error: lol@1.0.0 start: `node server/index.js`
14 verbose stack Exit status 1
14 verbose stack     at EventEmitter.<anonymous> (/Users/tanc/.nvm/versions/node/v7.2.1/lib/node_modules/npm/lib/utils/lifecycle.js:255:16)
14 verbose stack     at emitTwo (events.js:106:13)
14 verbose stack     at EventEmitter.emit (events.js:191:7)
14 verbose stack     at ChildProcess.<anonymous> (/Users/tanc/.nvm/versions/node/v7.2.1/lib/node_modules/npm/lib/utils/spawn.js:40:14)
14 verbose stack     at emitTwo (events.js:106:13)
14 verbose stack     at ChildProcess.emit (events.js:191:7)
14 verbose stack     at maybeClose (internal/child_process.js:885:16)
14 verbose stack     at Process.ChildProcess._handle.onexit (internal/child_process.js:226:5)
15 verbose pkgid lol@1.0.0
16 verbose cwd /Users/tanc/projects/not-there
17 error Darwin 15.6.0
18 error argv "/Users/tanc/.nvm/versions/node/v7.2.1/bin/node" "/Users/tanc/.nvm/versions/node/v7.2.1/bin/npm" "start"
19 error node v7.2.1
20 error npm  v3.10.10
21 error code ELIFECYCLE
22 error lol@1.0.0 start: `node server/index.js`
22 error Exit status 1
23 error Failed at the lol@1.0.0 start script 'node server/index.js'.
23 error Make sure you have the latest version of node.js and npm installed.
23 error If you do, this is most likely a problem with the lol package,
23 error not with npm itself.
23 error Tell the author that this fails on your system:
23 error     node server/index.js
23 error You can get information on how to open an issue for this project with:
23 error     npm bugs lol
23 error Or if that isn't available, you can get their info via:
23 error     npm owner ls lol
23 error There is likely additional logging output above.
24 verbose exit [ 1, true ]
